2026-07-23T04:03:18.4431266Z 
2026-07-23T04:03:18.4432116Z 100 97125  100 97125    0     0   152k      0 --:--:-- --:--:-- --:--:--  152k
2026-07-23T04:03:18.4560780Z   % Total    % Received % Xferd  Average Speed   Time    Time     Time  Current
2026-07-23T04:03:18.4562280Z                                  Dload  Upload   Total   Spent    Left  Speed
2026-07-23T04:03:18.4562937Z 
2026-07-23T04:03:18.6809104Z   0     0    0     0    0     0      0      0 --:--:-- --:--:-- --:--:--     0
2026-07-23T04:03:18.6810009Z   0     0    0     0    0     0      0      0 --:--:-- --:--:-- --:--:--     0
2026-07-23T04:03:19.0517094Z 
2026-07-23T04:03:19.1222682Z  53 90009   53 48197    0     0  80898      0  0:00:01 --:--:--  0:00:01 80898
2026-07-23T04:03:19.1223329Z 100 90009  100 90009    0     0   131k      0 --:--:-- --:--:-- --:--:--  583k
2026-07-23T04:03:19.1347585Z   % Total    % Received % Xferd  Average Speed   Time    Time     Time  Current
2026-07-23T04:03:19.1348398Z                                  Dload  Upload   Total   Spent    Left  Speed
2026-07-23T04:03:19.1348789Z 
2026-07-23T04:03:19.3538936Z   0     0    0     0    0     0      0      0 --:--:-- --:--:-- --:--:--     0
2026-07-23T04:03:19.3539742Z   0     0    0     0    0     0      0      0 --:--:-- --:--:-- --:--:--     0
2026-07-23T04:03:19.7988586Z 
2026-07-23T04:03:19.7989352Z 100 91802  100 91802    0     0   134k      0 --:--:-- --:--:-- --:--:--  134k
2026-07-23T04:03:19.8111965Z   % Total    % Received % Xferd  Average Speed   Time    Time     Time  Current
2026-07-23T04:03:19.8112762Z                                  Dload  Upload   Total   Spent    Left  Speed
2026-07-23T04:03:19.8113183Z 
2026-07-23T04:03:20.0221922Z   0     0    0     0    0     0      0      0 --:--:-- --:--:-- --:--:--     0
2026-07-23T04:03:20.0222555Z   0     0    0     0    0     0      0      0 --:--:-- --:--:-- --:--:--     0
2026-07-23T04:03:20.0223182Z   0     0    0     0    0     0      0      0 --:--:-- --:--:-- --:--:--     0
2026-07-23T04:03:20.4438266Z 
2026-07-23T04:03:20.4439006Z 100 92118  100 92118    0     0   142k      0 --:--:-- --:--:-- --:--:--  142k
2026-07-23T04:03:20.4562443Z   % Total    % Received % Xferd  Average Speed   Time    Time     Time  Current
2026-07-23T04:03:20.4563643Z                                  Dload  Upload   Total   Spent    Left  Speed
2026-07-23T04:03:20.4564259Z 
2026-07-23T04:03:20.6696796Z   0     0    0     0    0     0      0      0 --:--:-- --:--:-- --:--:--     0
2026-07-23T04:03:20.6697645Z   0     0    0     0    0     0      0      0 --:--:-- --:--:-- --:--:--     0
2026-07-23T04:03:21.0219333Z 
2026-07-23T04:03:21.0886134Z  49 97784   49 48196    0     0  85183      0  0:00:01 --:--:--  0:00:01 85183
2026-07-23T04:03:21.0886842Z 100 97784  100 97784    0     0   150k      0 --:--:-- --:--:-- --:--:--  733k
2026-07-23T04:03:21.1016509Z   % Total    % Received % Xferd  Average Speed   Time    Time     Time  Current
2026-07-23T04:03:21.1017284Z                                  Dload  Upload   Total   Spent    Left  Speed
2026-07-23T04:03:21.1017714Z 
2026-07-23T04:03:21.4514317Z   0     0    0     0    0     0      0      0 --:--:-- --:--:-- --:--:--     0
2026-07-23T04:03:21.4515448Z   0     0    0     0    0     0      0      0 --:--:-- --:--:-- --:--:--     0
2026-07-23T04:03:21.8649876Z 
2026-07-23T04:03:21.8650589Z 100 90033  100 90033    0     0   115k      0 --:--:-- --:--:-- --:--:--  115k
2026-07-23T04:03:21.8776523Z   % Total    % Received % Xferd  Average Speed   Time    Time     Time  Current
2026-07-23T04:03:21.8777287Z                                  Dload  Upload   Total   Spent    Left  Speed
2026-07-23T04:03:21.8777817Z 
2026-07-23T04:03:22.0823877Z   0     0    0     0    0     0      0      0 --:--:-- --:--:-- --:--:--     0
2026-07-23T04:03:22.0825026Z   0     0    0     0    0     0      0      0 --:--:-- --:--:-- --:--:--     0
2026-07-23T04:03:22.0825777Z   0     0    0     0    0     0      0      0 --:--:-- --:--:-- --:--:--     0
2026-07-23T04:03:22.5229304Z 
2026-07-23T04:03:22.5229867Z 100 99041  100 99041    0     0   149k      0 --:--:-- --:--:-- --:--:--  149k
2026-07-23T04:03:22.5352795Z   % Total    % Received % Xferd  Average Speed   Time    Time     Time  Current
2026-07-23T04:03:22.5353547Z                                  Dload  Upload   Total   Spent    Left  Speed
2026-07-23T04:03:22.5358166Z 
2026-07-23T04:03:22.7760836Z   0     0    0     0    0     0      0      0 --:--:-- --:--:-- --:--:--     0
2026-07-23T04:03:22.7761367Z   0     0    0     0    0     0      0      0 --:--:-- --:--:-- --:--:--     0
2026-07-23T04:03:23.0007750Z 
2026-07-23T04:03:23.2187326Z   0     0    0     0    0     0      0      0 --:--:-- --:--:-- --:--:--     0
2026-07-23T04:03:23.2188201Z 100 91082  100 91082    0     0   130k      0 --:--:-- --:--:-- --:--:--  409k
2026-07-23T04:03:23.2310843Z   % Total    % Received % Xferd  Average Speed   Time    Time     Time  Current
2026-07-23T04:03:23.2311635Z                                  Dload  Upload   Total   Spent    Left  Speed
2026-07-23T04:03:23.2312022Z 
2026-07-23T04:03:23.4318048Z   0     0    0     0    0     0      0      0 --:--:-- --:--:-- --:--:--     0
2026-07-23T04:03:23.4318927Z   0     0    0     0    0     0      0      0 --:--:-- --:--:-- --:--:--     0
2026-07-23T04:03:23.8480981Z 
2026-07-23T04:03:23.8481778Z 100 98139  100 98139    0     0   155k      0 --:--:-- --:--:-- --:--:--  155k
2026-07-23T04:03:23.8606522Z   % Total    % Received % Xferd  Average Speed   Time    Time     Time  Current
2026-07-23T04:03:23.8607329Z                                  Dload  Upload   Total   Spent    Left  Speed
2026-07-23T04:03:23.8607726Z 
2026-07-23T04:03:24.1020883Z   0     0    0     0    0     0      0      0 --:--:-- --:--:-- --:--:--     0
2026-07-23T04:03:24.1021762Z   0     0    0     0    0     0      0      0 --:--:-- --:--:-- --:--:--     0
2026-07-23T04:03:24.1022577Z   0     0    0     0    0     0      0      0 --:--:-- --:--:-- --:--:--     0
2026-07-23T04:03:24.5410619Z 
2026-07-23T04:03:24.5411424Z 100 89674  100 89674    0     0   128k      0 --:--:-- --:--:-- --:--:--  128k
2026-07-23T04:03:24.5534140Z   % Total    % Received % Xferd  Average Speed   Time    Time     Time  Current
2026-07-23T04:03:24.5535302Z                                  Dload  Upload   Total   Spent    Left  Speed
2026-07-23T04:03:24.5536311Z 
2026-07-23T04:03:24.7521776Z   0     0    0     0    0     0      0      0 --:--:-- --:--:-- --:--:--     0
2026-07-23T04:03:24.7522483Z   0     0    0     0    0     0      0      0 --:--:-- --:--:-- --:--:--     0
2026-07-23T04:03:25.0444707Z 
2026-07-23T04:03:25.1925012Z   0     0    0     0    0     0      0      0 --:--:-- --:--:-- --:--:--     0
2026-07-23T04:03:25.1925787Z 100 91681  100 91681    0     0   140k      0 --:--:-- --:--:-- --:--:--  609k
2026-07-23T04:03:25.2048431Z   % Total    % Received % Xferd  Average Speed   Time    Time     Time  Current
2026-07-23T04:03:25.2049105Z                                  Dload  Upload   Total   Spent    Left  Speed
2026-07-23T04:03:25.2049508Z 
2026-07-23T04:03:25.4152679Z   0     0    0     0    0     0      0      0 --:--:-- --:--:-- --:--:--     0
2026-07-23T04:03:25.4153453Z   0     0    0     0    0     0      0      0 --:--:-- --:--:-- --:--:--     0
2026-07-23T04:03:25.8602056Z 
2026-07-23T04:03:25.8604998Z 100 94700  100 94700    0     0   141k      0 --:--:-- --:--:-- --:--:--  141k
2026-07-23T04:03:25.8728735Z   % Total    % Received % Xferd  Average Speed   Time    Time     Time  Current
2026-07-23T04:03:25.8729577Z                                  Dload  Upload   Total   Spent    Left  Speed
2026-07-23T04:03:25.8733092Z 
2026-07-23T04:03:26.0548515Z   0     0    0     0    0     0      0      0 --:--:-- --:--:-- --:--:--     0
2026-07-23T04:03:26.0549408Z   0     0    0     0    0     0      0      0 --:--:-- --:--:-- --:--:--     0
2026-07-23T04:03:26.0550212Z   0     0    0     0    0     0      0      0 --:--:-- --:--:-- --:--:--     0
2026-07-23T04:03:26.4980128Z 
2026-07-23T04:03:26.4981009Z 100 97744  100 97744    0     0   152k      0 --:--:-- --:--:-- --:--:--  152k
2026-07-23T04:03:26.5117060Z ##[group]Run set -euo pipefail
2026-07-23T04:03:26.5117387Z [36;1mset -euo pipefail[0m
2026-07-23T04:03:26.5117628Z [36;1mtest ! -e "$output_dir"[0m
2026-07-23T04:03:26.5117879Z [36;1mpython collect_run.py \[0m
2026-07-23T04:03:26.5118304Z [36;1m  --run-id "$run_id" \[0m
2026-07-23T04:03:26.5118568Z [36;1m  --source-sha "$source_sha" \[0m
2026-07-23T04:03:26.5118857Z [36;1m  --source-stage "$source_stage" \[0m
2026-07-23T04:03:26.5119135Z [36;1m  --raw-dir work/raw \[0m
2026-07-23T04:03:26.5119390Z [36;1m  --output "$output_dir" \[0m
2026-07-23T04:03:26.5119666Z [36;1m  | tee work/collection-summary.log[0m
2026-07-23T04:03:26.5119955Z [36;1mpython "$output_dir/verify.py"[0m
2026-07-23T04:03:26.5179179Z shell: /usr/bin/bash --noprofile --norc -e -o pipefail {0}
2026-07-23T04:03:26.5179523Z env:
2026-07-23T04:03:26.5182169Z   GH_TOKEN: ***
2026-07-23T04:03:26.5182391Z   output_dir: runs/2026-07-23-b
2026-07-23T04:03:26.5182630Z   run_id: 29960969740
2026-07-23T04:03:26.5182917Z   source_sha: 309f47a0be5ac0038f900feeceb447eac4d8ff23
2026-07-23T04:03:26.5183231Z   source_stage: frontier2
2026-07-23T04:03:26.5183445Z ##[endgroup]
2026-07-23T04:03:26.7333822Z Traceback (most recent call last):
2026-07-23T04:03:26.7335012Z   File "/home/runner/work/discrete-math-workspace/discrete-math-workspace/collect_run.py", line 410, in <module>
2026-07-23T04:03:26.7335798Z     main()
2026-07-23T04:03:26.7336552Z   File "/home/runner/work/discrete-math-workspace/discrete-math-workspace/collect_run.py", line 404, in main
2026-07-23T04:03:26.7337456Z     summary = save_run(args.run_id, args.source_sha, args.source_stage,
2026-07-23T04:03:26.7338162Z               ^^^^^^^^^^^^^^^^^^^^^^^^^^^^^^^^^^^^^^^^^^^^^^^^^^^^^^^^^
2026-07-23T04:03:26.7339177Z   File "/home/runner/work/discrete-math-workspace/discrete-math-workspace/collect_run.py", line 342, in save_run
2026-07-23T04:03:26.7340032Z     summary, records = analyse(saved_raw, source_stage)
2026-07-23T04:03:26.7340671Z                        ^^^^^^^^^^^^^^^^^^^^^^^^^^^^^^^^
2026-07-23T04:03:26.7341658Z   File "/home/runner/work/discrete-math-workspace/discrete-math-workspace/collect_run.py", line 116, in analyse
2026-07-23T04:03:26.7342458Z     if artifact_records != manifest["records"]:
2026-07-23T04:03:26.7343058Z                            ~~~~~~~~^^^^^^^^^^^
2026-07-23T04:03:26.7343633Z KeyError: 'records'
2026-07-23T04:03:26.7585516Z ##[error]Process completed with exit code 1.
2026-07-23T04:03:26.7687755Z Node 20 is being deprecated. This workflow is running with Node 24 by default. If you need to temporarily use Node 20, you can set the ACTIONS_ALLOW_USE_UNSECURE_NODE_VERSION=true environment variable. For more information see: https://github.blog/changelog/2025-09-19-deprecation-of-node-20-on-github-actions-runners/
2026-07-23T04:03:26.7689302Z ##[group]Run actions/upload-artifact@v4
2026-07-23T04:03:26.7689576Z with:
2026-07-23T04:03:26.7689784Z   name: collector-29978540008
2026-07-23T04:03:26.7690119Z   path: marker.env
work/artifacts.tsv
work/collection-summary.log

2026-07-23T04:03:26.7690478Z   if-no-files-found: warn
2026-07-23T04:03:26.7690703Z   retention-days: 7
2026-07-23T04:03:26.7690912Z   compression-level: 6
2026-07-23T04:03:26.7691125Z   overwrite: false
2026-07-23T04:03:26.7691351Z   include-hidden-files: false
2026-07-23T04:03:26.7691581Z env:
2026-07-23T04:03:26.7694135Z   GH_TOKEN: ***
2026-07-23T04:03:26.7694621Z   output_dir: runs/2026-07-23-b
2026-07-23T04:03:26.7694979Z   run_id: 29960969740
2026-07-23T04:03:26.7695250Z   source_sha: 309f47a0be5ac0038f900feeceb447eac4d8ff23
2026-07-23T04:03:26.7695563Z   source_stage: frontier2
2026-07-23T04:03:26.7695786Z ##[endgroup]
2026-07-23T04:03:26.9309565Z (node:2385) [DEP0040] DeprecationWarning: The `punycode` module is deprecated. Please use a userland alternative instead.
2026-07-23T04:03:26.9310286Z (Use `node --trace-deprecation ...` to show where the warning was created)
2026-07-23T04:03:26.9371141Z Multiple search paths detected. Calculating the least common ancestor of all paths
2026-07-23T04:03:26.9378938Z The least common ancestor is /home/runner/work/discrete-math-workspace/discrete-math-workspace. This will be the root directory of the artifact
2026-07-23T04:03:26.9379891Z With the provided path, there will be 3 files uploaded
2026-07-23T04:03:26.9381452Z Artifact name is valid!
2026-07-23T04:03:26.9382997Z Root directory input is valid!
2026-07-23T04:03:27.2606669Z Beginning upload of artifact content to blob storage
2026-07-23T04:03:27.2830194Z (node:2385) [DEP0169] DeprecationWarning: `url.parse()` behavior is not standardized and prone to errors that have security implications. Use the WHATWG URL API instead. CVEs are not issued for `url.parse()` vulnerabilities.
2026-07-23T04:03:27.5736510Z Uploaded bytes 634
2026-07-23T04:03:27.6546438Z Finished uploading artifact content to blob storage!
2026-07-23T04:03:27.6547495Z SHA256 digest of uploaded artifact zip is 081c3232f99536d9c75698ed75dd13194c75f39025c7702871d51f7b199cedb2
2026-07-23T04:03:27.6550307Z Finalizing artifact upload
2026-07-23T04:03:27.8580815Z Artifact collector-29978540008.zip successfully finalized. Artifact ID 8552326291
2026-07-23T04:03:27.8582122Z Artifact collector-29978540008 has been successfully uploaded! Final size is 634 bytes. Artifact ID is 8552326291
2026-07-23T04:03:27.8587965Z Artifact download URL: https://github.com/Grisha-Pochuev/discrete-math-workspace/actions/runs/29978540008/artifacts/8552326291
2026-07-23T04:03:27.8813308Z Node 20 is being deprecated. This workflow is running with Node 24 by default. If you need to temporarily use Node 20, you can set the ACTIONS_ALLOW_USE_UNSECURE_NODE_VERSION=true environment variable. For more information see: https://github.blog/changelog/2025-09-19-deprecation-of-node-20-on-github-actions-runners/
2026-07-23T04:03:27.8814787Z Post job cleanup.
2026-07-23T04:03:27.9641952Z [command]/usr/bin/git version
2026-07-23T04:03:27.9685168Z git version 2.54.0
2026-07-23T04:03:27.9757818Z Temporarily overriding HOME='/home/runner/work/_temp/e5ed8b95-c1b7-4c36-b4f6-419d7d672755' before making global git config changes
2026-07-23T04:03:27.9759534Z Adding repository directory to the temporary git global config as a safe directory
2026-07-23T04:03:27.9764056Z [command]/usr/bin/git config --global --add safe.directory /home/runner/work/discrete-math-workspace/discrete-math-workspace
2026-07-23T04:03:27.9802604Z [command]/usr/bin/git config --local --name-only --get-regexp core\.sshCommand
2026-07-23T04:03:27.9840621Z [command]/usr/bin/git submodule foreach --recursive sh -c "git config --local --name-only --get-regexp 'core\.sshCommand' && git config --local --unset-all 'core.sshCommand' || :"
2026-07-23T04:03:28.0096005Z [command]/usr/bin/git config --local --name-only --get-regexp http\.https\:\/\/github\.com\/\.extraheader
2026-07-23T04:03:28.0125545Z http.https://github.com/.extraheader
2026-07-23T04:03:28.0156829Z [command]/usr/bin/git config --local --unset-all http.https://github.com/.extraheader
2026-07-23T04:03:28.0206381Z [command]/usr/bin/git submodule foreach --recursive sh -c "git config --local --name-only --get-regexp 'http\.https\:\/\/github\.com\/\.extraheader' && git config --local --unset-all 'http.https://github.com/.extraheader' || :"
2026-07-23T04:03:28.0533771Z [command]/usr/bin/git config --local --name-only --get-regexp ^includeIf\.gitdir:
2026-07-23T04:03:28.0576083Z [command]/usr/bin/git submodule foreach --recursive git config --local --show-origin --name-only --get-regexp remote.origin.url
2026-07-23T04:03:28.0968151Z Cleaning up orphan processes
2026-07-23T04:03:28.1214215Z ##[warning]Node.js 20 is deprecated. The following actions target Node.js 20 but are being forced to run on Node.js 24: actions/checkout@v4, actions/upload-artifact@v4. For more information see: https://github.blog/changelog/2025-09-19-deprecation-of-node-20-on-github-actions-runners/
